[debug] [2023-07-19T20:04:55.785Z] ----------------------------------------------------------------------
[debug] [2023-07-19T20:04:55.787Z] Command:       C:\Program Files\nodejs\node.exe C:\Users\admin\AppData\Roaming\npm\node_modules\firebase-tools\lib\bin\firebase.js init
[debug] [2023-07-19T20:04:55.787Z] CLI Version:   12.4.4
[debug] [2023-07-19T20:04:55.788Z] Platform:      win32
[debug] [2023-07-19T20:04:55.788Z] Node Version:  v18.16.1
[debug] [2023-07-19T20:04:55.789Z] Time:          Wed Jul 19 2023 23:04:55 GMT+0300 (Москва, стандартное время)
[debug] [2023-07-19T20:04:55.789Z] ----------------------------------------------------------------------
[debug] 
[debug] [2023-07-19T20:04:55.796Z] > command requires scopes: ["email","openid","https://www.googleapis.com/auth/cloudplatformprojects.readonly","https://www.googleapis.com/auth/firebase","https://www.googleapis.com/auth/cloud-platform"]
[debug] [2023-07-19T20:04:55.797Z] > authorizing via signed-in user (glebbelay@gmail.com)
[info] 
     ######## #### ########  ######## ########     ###     ######  ########
     ##        ##  ##     ## ##       ##     ##  ##   ##  ##       ##
     ######    ##  ########  ######   ########  #########  ######  ######
     ##        ##  ##    ##  ##       ##     ## ##     ##       ## ##
     ##       #### ##     ## ######## ########  ##     ##  ######  ########

You're about to initialize a Firebase project in this directory:

  C:\Users\admin\.vscode\project232

[info] 
=== Project Setup
[info] 
[info] First, let's associate this project directory with a Firebase project.
[info] You can create multiple project aliases by running firebase use --add, 
[info] but for now we'll just set up a default project.
[info] 
[info] i  If you want to create a project in a Google Cloud organization or folder, please use "firebase projects:create" instead, and return to this command when you've created the project. 
[debug] [2023-07-19T20:10:26.422Z] >>> [apiv2][query] POST https://cloudresourcemanager.googleapis.com/v1/projects [none]
[debug] [2023-07-19T20:10:26.423Z] >>> [apiv2][body] POST https://cloudresourcemanager.googleapis.com/v1/projects {"projectId":"show-rom-33332221231345","name":"show-room"}
[debug] [2023-07-19T20:10:27.434Z] <<< [apiv2][status] POST https://cloudresourcemanager.googleapis.com/v1/projects 200
[debug] [2023-07-19T20:10:27.434Z] <<< [apiv2][body] POST https://cloudresourcemanager.googleapis.com/v1/projects {"name":"operations/cp.8895676362019887419"}
[debug] [2023-07-19T20:10:27.435Z] >>> [apiv2][query] GET https://cloudresourcemanager.googleapis.com/v1/operations/cp.8895676362019887419 [none]
[debug] [2023-07-19T20:10:28.376Z] <<< [apiv2][status] GET https://cloudresourcemanager.googleapis.com/v1/operations/cp.8895676362019887419 200
[debug] [2023-07-19T20:10:28.376Z] <<< [apiv2][body] GET https://cloudresourcemanager.googleapis.com/v1/operations/cp.8895676362019887419 {"name":"operations/cp.8895676362019887419"}
[debug] [2023-07-19T20:10:28.886Z] [Project Creation Poller] Retrying task index 0
[debug] [2023-07-19T20:10:28.887Z] >>> [apiv2][query] GET https://cloudresourcemanager.googleapis.com/v1/operations/cp.8895676362019887419 [none]
[debug] [2023-07-19T20:10:29.824Z] <<< [apiv2][status] GET https://cloudresourcemanager.googleapis.com/v1/operations/cp.8895676362019887419 200
[debug] [2023-07-19T20:10:29.825Z] <<< [apiv2][body] GET https://cloudresourcemanager.googleapis.com/v1/operations/cp.8895676362019887419 {"name":"operations/cp.8895676362019887419","metadata":{"@type":"type.googleapis.com/google.cloudresourcemanager.v1.ProjectCreationStatus","gettable":true}}
[debug] [2023-07-19T20:10:30.826Z] [Project Creation Poller] Retrying task index 0
[debug] [2023-07-19T20:10:30.827Z] >>> [apiv2][query] GET https://cloudresourcemanager.googleapis.com/v1/operations/cp.8895676362019887419 [none]
[debug] [2023-07-19T20:10:31.820Z] <<< [apiv2][status] GET https://cloudresourcemanager.googleapis.com/v1/operations/cp.8895676362019887419 200
[debug] [2023-07-19T20:10:31.821Z] <<< [apiv2][body] GET https://cloudresourcemanager.googleapis.com/v1/operations/cp.8895676362019887419 {"name":"operations/cp.8895676362019887419","metadata":{"@type":"type.googleapis.com/google.cloudresourcemanager.v1.ProjectCreationStatus","gettable":true,"ready":true},"done":true,"response":{"@type":"type.googleapis.com/google.cloudresourcemanager.v1.Project","projectNumber":"407651738530","projectId":"show-rom-33332221231345","lifecycleState":"ACTIVE","name":"show-room","createTime":"2023-07-19T20:10:25.910Z"}}
[debug] [2023-07-19T20:10:31.822Z] >>> [apiv2][query] POST https://firebase.googleapis.com/v1beta1/projects/show-rom-33332221231345:addFirebase [none]
[debug] [2023-07-19T20:10:32.983Z] <<< [apiv2][status] POST https://firebase.googleapis.com/v1beta1/projects/show-rom-33332221231345:addFirebase 403
[debug] [2023-07-19T20:10:32.983Z] <<< [apiv2][body] POST https://firebase.googleapis.com/v1beta1/projects/show-rom-33332221231345:addFirebase {"error":{"code":403,"message":"The caller does not have permission","status":"PERMISSION_DENIED"}}
[debug] [2023-07-19T20:10:32.983Z] HTTP Error: 403, The caller does not have permission
[debug] [2023-07-19T20:10:33.060Z] FirebaseError: HTTP Error: 403, The caller does not have permission
    at responseToError (C:\Users\admin\AppData\Roaming\npm\node_modules\firebase-tools\lib\responseToError.js:49:12)
    at RetryOperation._fn (C:\Users\admin\AppData\Roaming\npm\node_modules\firebase-tools\lib\apiv2.js:289:77)
    at process.processTicksAndRejections (node:internal/process/task_queues:95:5)
[error] 
[error] Error: Failed to add Firebase to Google Cloud Platform project. See firebase-debug.log for more info.
[debug] [2023-07-19T20:22:18.621Z] ----------------------------------------------------------------------
[debug] [2023-07-19T20:22:18.623Z] Command:       C:\Program Files\nodejs\node.exe C:\Users\admin\AppData\Roaming\npm\node_modules\firebase-tools\lib\bin\firebase.js use --add
[debug] [2023-07-19T20:22:18.623Z] CLI Version:   12.4.4
[debug] [2023-07-19T20:22:18.624Z] Platform:      win32
[debug] [2023-07-19T20:22:18.624Z] Node Version:  v18.16.1
[debug] [2023-07-19T20:22:18.625Z] Time:          Wed Jul 19 2023 23:22:18 GMT+0300 (Москва, стандартное время)
[debug] [2023-07-19T20:22:18.625Z] ----------------------------------------------------------------------
[debug] 
[debug] [2023-07-19T20:22:18.632Z] > command requires scopes: ["email","openid","https://www.googleapis.com/auth/cloudplatformprojects.readonly","https://www.googleapis.com/auth/firebase","https://www.googleapis.com/auth/cloud-platform"]
[debug] [2023-07-19T20:22:18.632Z] > authorizing via signed-in user (glebbelay@gmail.com)
[debug] [2023-07-19T20:22:23.701Z] Error: Timed out.
    at Timeout._onTimeout (C:\Users\admin\AppData\Roaming\npm\node_modules\firebase-tools\lib\utils.js:254:49)
    at listOnTimeout (node:internal/timers:569:17)
    at process.processTimers (node:internal/timers:512:7)
[error] 
[error] Error: An unexpected error has occurred.
[debug] [2023-07-19T20:51:24.159Z] ----------------------------------------------------------------------
[debug] [2023-07-19T20:51:24.162Z] Command:       C:\Program Files\nodejs\node.exe C:\Users\admin\AppData\Roaming\npm\node_modules\firebase-tools\lib\bin\firebase.js init
[debug] [2023-07-19T20:51:24.163Z] CLI Version:   12.4.4
[debug] [2023-07-19T20:51:24.163Z] Platform:      win32
[debug] [2023-07-19T20:51:24.163Z] Node Version:  v18.16.1
[debug] [2023-07-19T20:51:24.169Z] Time:          Wed Jul 19 2023 23:51:24 GMT+0300 (Москва, стандартное время)
[debug] [2023-07-19T20:51:24.169Z] ----------------------------------------------------------------------
[debug] 
[debug] [2023-07-19T20:51:24.177Z] > command requires scopes: ["email","openid","https://www.googleapis.com/auth/cloudplatformprojects.readonly","https://www.googleapis.com/auth/firebase","https://www.googleapis.com/auth/cloud-platform"]
[debug] [2023-07-19T20:51:24.177Z] > authorizing via signed-in user (glebbelay@gmail.com)
[info] 
     ######## #### ########  ######## ########     ###     ######  ########
     ##        ##  ##     ## ##       ##     ##  ##   ##  ##       ##
     ######    ##  ########  ######   ########  #########  ######  ######
     ##        ##  ##    ##  ##       ##     ## ##     ##       ## ##
     ##       #### ##     ## ######## ########  ##     ##  ######  ########

You're about to initialize a Firebase project in this directory:

  C:\Users\admin\.vscode\project232

[info] 
=== Project Setup
[info] 
[info] First, let's associate this project directory with a Firebase project.
[info] You can create multiple project aliases by running firebase use --add, 
[info] but for now we'll just set up a default project.
[info] 
[debug] [2023-07-19T20:51:53.220Z] > refreshing access token with scopes: []
[debug] [2023-07-19T20:51:53.222Z] >>> [apiv2][query] POST https://www.googleapis.com/oauth2/v3/token [none]
[debug] [2023-07-19T20:51:53.222Z] >>> [apiv2][body] POST https://www.googleapis.com/oauth2/v3/token [omitted]
[debug] [2023-07-19T20:52:14.427Z] *** [apiv2] error from fetch(https://www.googleapis.com/oauth2/v3/token, {"headers":{},"method":"POST","body":{"_overheadLength":545,"_valueLength":212,"_valuesToMeasure":[],"writable":false,"readable":true,"dataSize":0,"maxDataSize":2097152,"pauseStreams":true,"_released":true,"_streams":[],"_currentStream":null,"_insideLoop":false,"_pendingNext":false,"_boundary":"--------------------------704987688898715827661532","_events":{},"_eventsCount":1}}): FetchError: request to https://www.googleapis.com/oauth2/v3/token failed, reason: connect ETIMEDOUT 2a00:1450:4007:810::200a:443
[debug] [2023-07-19T20:52:14.427Z] Authentication Error: Your credentials are no longer valid. Please run firebase login --reauth

For CI servers and headless environments, generate a new token with firebase login:ci
[debug] [2023-07-19T20:52:19.437Z] Error: Timed out.
    at Timeout._onTimeout (C:\Users\admin\AppData\Roaming\npm\node_modules\firebase-tools\lib\utils.js:254:49)
    at listOnTimeout (node:internal/timers:569:17)
    at process.processTimers (node:internal/timers:512:7)
[error] 
[error] Error: An unexpected error has occurred.
[debug] [2023-07-19T20:52:30.151Z] ----------------------------------------------------------------------
[debug] [2023-07-19T20:52:30.153Z] Command:       C:\Program Files\nodejs\node.exe C:\Users\admin\AppData\Roaming\npm\node_modules\firebase-tools\lib\bin\firebase.js use --add
[debug] [2023-07-19T20:52:30.153Z] CLI Version:   12.4.4
[debug] [2023-07-19T20:52:30.154Z] Platform:      win32
[debug] [2023-07-19T20:52:30.154Z] Node Version:  v18.16.1
[debug] [2023-07-19T20:52:30.154Z] Time:          Wed Jul 19 2023 23:52:30 GMT+0300 (Москва, стандартное время)
[debug] [2023-07-19T20:52:30.155Z] ----------------------------------------------------------------------
[debug] 
[debug] [2023-07-19T20:52:30.161Z] > command requires scopes: ["email","openid","https://www.googleapis.com/auth/cloudplatformprojects.readonly","https://www.googleapis.com/auth/firebase","https://www.googleapis.com/auth/cloud-platform"]
[debug] [2023-07-19T20:52:30.162Z] > authorizing via signed-in user (glebbelay@gmail.com)
[debug] [2023-07-19T20:52:35.215Z] Error: Timed out.
    at Timeout._onTimeout (C:\Users\admin\AppData\Roaming\npm\node_modules\firebase-tools\lib\utils.js:254:49)
    at listOnTimeout (node:internal/timers:569:17)
    at process.processTimers (node:internal/timers:512:7)
[error] 
[error] Error: An unexpected error has occurred.
[debug] [2023-07-19T20:53:14.217Z] ----------------------------------------------------------------------
[debug] [2023-07-19T20:53:14.219Z] Command:       C:\Program Files\nodejs\node.exe C:\Users\admin\AppData\Roaming\npm\node_modules\firebase-tools\lib\bin\firebase.js use --add
[debug] [2023-07-19T20:53:14.220Z] CLI Version:   12.4.4
[debug] [2023-07-19T20:53:14.221Z] Platform:      win32
[debug] [2023-07-19T20:53:14.221Z] Node Version:  v18.16.1
[debug] [2023-07-19T20:53:14.223Z] Time:          Wed Jul 19 2023 23:53:14 GMT+0300 (Москва, стандартное время)
[debug] [2023-07-19T20:53:14.223Z] ----------------------------------------------------------------------
[debug] 
[debug] [2023-07-19T20:53:14.241Z] > command requires scopes: ["email","openid","https://www.googleapis.com/auth/cloudplatformprojects.readonly","https://www.googleapis.com/auth/firebase","https://www.googleapis.com/auth/cloud-platform"]
[debug] [2023-07-19T20:53:14.242Z] > authorizing via signed-in user (glebbelay@gmail.com)
[debug] [2023-07-19T20:53:19.360Z] Error: Timed out.
    at Timeout._onTimeout (C:\Users\admin\AppData\Roaming\npm\node_modules\firebase-tools\lib\utils.js:254:49)
    at listOnTimeout (node:internal/timers:569:17)
    at process.processTimers (node:internal/timers:512:7)
[error] 
[error] Error: An unexpected error has occurred.
